
Порт /dev/ttyS0 открыт
20210711201440
20210711201441
20210711201442
20210711201443
20210711201444
20210711201445
20210711201446
20210711201447
20210711201448
20210711201449
20210711201450
20210711201451
20210711201452
20210711201453
20210711201454
20210711201455
20210711201456
20210711201457
20210711201458
20210711201459
20210711201500
20210711201501
20210711201502
20210711201503
20210711201504
20210711201505
20210711201506
20210711201507
20210711201508
20210711201509
20210711201510
20210711201511
20210711201512
20210711201513
20210711201514
20210711201515
20210711201516
20210711201517
20210711201518
20210711201519
20210711201520
20210711201521
20210711201522
20210711201523
20210711201524
20210711201525
20210711201526
20210711201527
20210711201528
20210711201529
20210711201530
20210711201531
20210711201532
20210711201533
20210711201534
20210711201535
20210711201536
20210711201537
20210711201538
20210711201539
20210711201540
20210711201541
20210711201542
20210711201543
20210711201544
20210711201545
20210711201546
20210711201547
20210711201548
20210711201549
20210711201550
20210711201551
20210711201552
20210711201553
20210711201554
20210711201555
20210711201556
20210711201557
20210711201558
20210711201559
20210711201600
20210711201601
20210711201602
20210711201603
20210711201604
20210711201605
20210711201606
20210711201607
20210711201608
20210711201609
20210711201610
20210711201611
20210711201612
20210711201613
20210711201614
20210711201615
20210711201616
20210711201617
20210711201618
20210711201619
20210711201620
20210711201621
20210711201622
20210711201623
20210711201624
20210711201625
20210711201626
20210711201627
20210711201628
20210711201629
20210711201630
20210711201631
20210711201632
20210711201633
20210711201634
20210711201635
20210711201636
20210711201637
20210711201638
20210711201639
20210711201640
20210711201641
20210711201642
20210711201643
20210711201644
20210711201645
20210711201646
20210711201647
20210711201648
20210711201649
20210711201650
20210711201651
20210711201652
20210711201653
20210711201654
20210711201655
20210711201656
20210711201657
20210711201658
20210711201659
20210711201700
20210711201701
20210711201702
20210711201703
20210711201704
20210711201705
20210711201706
20210711201707
20210711201708
20210711201709
20210711201710
20210711201711
20210711201712
20210711201713
20210711201714
20210711201715
20210711201716
20210711201717
20210711201718
20210711201719
20210711201720
20210711201721
20210711201722
20210711201723
20210711201724
20210711201725
20210711201726
20210711201727
20210711201728
20210711201729
20210711201730
20210711201731
20210711201732
20210711201733
20210711201734
20210711201735
20210711201736
20210711201737
20210711201738
20210711201739
20210711201740
20210711201741
20210711201742
20210711201743
20210711201744
20210711201745
20210711201746
20210711201747
20210711201748
20210711201749
20210711201750
20210711201751
20210711201752
20210711201753
20210711201754
20210711201755
20210711201756
20210711201757
20210711201758
20210711201759
20210711201800
20210711201801
20210711201802
20210711201803
20210711201804
20210711201805
20210711201806
20210711201807
20210711201808
20210711201809
20210711201810
20210711201811
20210711201812
20210711201813
20210711201814
20210711201815
20210711201816
20210711201817
20210711201818
20210711201819
20210711201820
20210711201821
20210711201822
20210711201823
20210711201824
20210711201825
20210711201826
20210711201827
20210711201828
20210711201829
20210711201830
20210711201831
20210711201832
20210711201833
20210711201834
20210711201835
20210711201836
20210711201837
20210711201838
20210711201839
20210711201840
20210711201841
20210711201842
20210711201843
20210711201844
20210711201845
20210711201846
20210711201847
20210711201848
20210711201849
20210711201850
20210711201851
20210711201852
20210711201853
20210711201854
20210711201855
20210711201856
20210711201857
20210711201858
20210711201859
20210711201900
20210711201901
20210711201902
20210711201903
20210711201904
20210711201905
20210711201906
20210711201907
20210711201908
20210711201909
20210711201910
20210711201911
20210711201912
20210711201913
20210711201914
20210711201915
20210711201916
20210711201917
20210711201918
20210711201919
20210711201920
20210711201921
20210711201922
20210711201923
20210711201924
20210711201925
20210711201926
20210711201927
20210711201928
20210711201929
20210711201930
20210711201931
20210711201932
20210711201933
20210711201934
20210711201935
20210711201936
20210711201937
20210711201938
20210711201939
20210711201940
20210711201941
20210711201942
20210711201943
20210711201944
20210711201945
20210711201946
20210711201947
20210711201948
20210711201949
20210711201950
20210711201951
20210711201952
20210711201953
20210711201954
20210711201955
20210711201956
20210711201957
20210711201958
20210711201959
20210711202000
20210711202001
20210711202002
20210711202003
20210711202004
20210711202005
20210711202006
20210711202007
20210711202008
20210711202009
20210711202010
20210711202011
20210711202012
20210711202013
20210711202014
20210711202015
20210711202016
20210711202017
20210711202018
20210711202019
20210711202020
20210711202021
20210711202022
20210711202023
20210711202024
20210711202025
20210711202026
20210711202027
20210711202028
20210711202029
20210711202030
20210711202031
20210711202032
20210711202033
20210711202034
20210711202035
20210711202036
20210711202037
20210711202038
20210711202039
20210711202040

Порт /dev/ttyS0 открыт
Traceback (most recent call last):
  File "/home/smartwells/python/opcua/nl_to_mongo.py", line 75, in <module>
    main()
  File "/home/smartwells/python/opcua/nl_to_mongo.py", line 58, in main
    query(COM_Port, cmd, t, postsdb)
  File "/home/smartwells/python/opcua/nl_to_mongo.py", line 21, in query
    answer = NL.query_ch(COM_Port, cmd, t)	                	# вызов функции запроса
  File "/home/smartwells/python/opcua/NL.py", line 25, in query_ch
    time.sleep(t)									# ожидание перед запросом ответа
KeyboardInterrupt

Порт /dev/ttyS0 открыт
